<?xml version="1.0" encoding="UTF-8"?>
<testsuite xmlns:xsi="http://www.w3.org/2001/XMLSchema-instance" xsi:noNamespaceSchemaLocation="https://maven.apache.org/surefire/maven-surefire-plugin/xsd/surefire-test-report.xsd" name="com.adactin.runner.TestRunnerRerun" time="46.202" tests="61" errors="4" skipped="13" failures="0">
  <properties>
[...]
</properties>
  <testcase name="Given User launch the adactin application" classname="| AAA | 111 |" time="0"/>
  <testcase name="When user login to the application" classname="| AAA | 111 |" time="0"/>
  <testcase name="Given User launch the application" classname="| AAA | 111 |" time="0"/>
  <testcase name="When User enter the valid &quot;AAA&quot; in User field" classname="| AAA | 111 |" time="0"/>
  <testcase name="And User enters the valid &quot;111&quot; in password field" classname="| AAA | 111 |" time="0"/>
  <testcase name="And User click the login button" classname="| AAA | 111 |" time="0"/>
  <testcase name="Then User verify the home page and navigate to next page" classname="| AAA | 111 |" time="0"/>
  <testcase name="| AAA | 111 |" classname="| AAA | 111 |" time="0"/>
  <testcase name="Given User launch the adactin application" classname="| BBB | 222 |" time="0"/>
  <testcase name="When user login to the application" classname="| BBB | 222 |" time="0"/>
  <testcase name="Given User launch the application" classname="| BBB | 222 |" time="0"/>
  <testcase name="When User enter the valid &quot;BBB&quot; in User field" classname="| BBB | 222 |" time="0"/>
  <testcase name="And User enters the valid &quot;222&quot; in password field" classname="| BBB | 222 |" time="0.001"/>
  <testcase name="And User click the login button" classname="| BBB | 222 |" time="0"/>
  <testcase name="Then User verify the home page and navigate to next page" classname="| BBB | 222 |" time="0"/>
  <testcase name="| BBB | 222 |" classname="| BBB | 222 |" time="0.001"/>
  <testcase name="Given User launch the adactin application" classname="| Stefanbabu | stefan@143 |" time="0"/>
  <testcase name="When user login to the application" classname="| Stefanbabu | stefan@143 |" time="0"/>
  <testcase name="Given User launch the application" classname="| Stefanbabu | stefan@143 |" time="0"/>
  <testcase name="When User enter the valid &quot;Stefanbabu&quot; in User field" classname="| Stefanbabu | stefan@143 |" time="0"/>
  <testcase name="And User enters the valid &quot;stefan@143&quot; in password field" classname="| Stefanbabu | stefan@143 |" time="0"/>
  <testcase name="And User click the login button" classname="| Stefanbabu | stefan@143 |" time="0"/>
  <testcase name="Then User verify the home page and navigate to next page" classname="| Stefanbabu | stefan@143 |" time="0"/>
  <testcase name="| Stefanbabu | stefan@143 |" classname="| Stefanbabu | stefan@143 |" time="0"/>
  <testcase name="Given User launch the adactin application" classname="Scenario: User checking the forum and select hotel" time="0"/>
  <testcase name="When user login to the application" classname="Scenario: User checking the forum and select hotel" time="0"/>
  <testcase name="When User selecting the location &quot;Brisbane&quot; as &quot;value&quot; of the hotel" classname="Scenario: User checking the forum and select hotel" time="0.011">
    <error message="invalid session id&#10;Build info: version: &apos;3.141.59&apos;, revision: &apos;e82be7d358&apos;, time: &apos;2018-11-14T08:17:03&apos;&#10;System info: host: &apos;DESKTOP-QS37V4D&apos;, ip: &apos;192.168.43.158&apos;, os.name: &apos;Windows 10&apos;, os.arch: &apos;amd64&apos;, os.version: &apos;10.0&apos;, java.version: &apos;1.8.0_181&apos;&#10;Driver info: org.openqa.selenium.chrome.ChromeDriver&#10;Capabilities {acceptInsecureCerts: false, browserName: chrome, browserVersion: 84.0.4147.135, chrome: {chromedriverVersion: 84.0.4147.30 (48b3e868b4cc0..., userDataDir: C:\Users\Stefan\AppData\Loc...}, goog:chromeOptions: {debuggerAddress: localhost:55629}, javascriptEnabled: true, networkConnectionEnabled: false, pageLoadStrategy: normal, platform: WINDOWS, platformName: WINDOWS, proxy: Proxy(), setWindowRect: true, strictFileInteractability: false, timeouts: {implicit: 0, pageLoad: 300000, script: 30000}, unhandledPromptBehavior: dismiss and notify, webauthn:virtualAuthenticators: true}&#10;Session ID: ab1aef4475edf91e0f5a44f74ee51e6a&#10;*** Element info: {Using=id, value=location}" type="org.openqa.selenium.NoSuchSessionException">org.openqa.selenium.NoSuchSessionException: 
invalid session id
Build info: version: '3.141.59', revision: 'e82be7d358', time: '2018-11-14T08:17:03'
System info: host: 'DESKTOP-QS37V4D', ip: '192.168.43.158', os.name: 'Windows 10', os.arch: 'amd64', os.version: '10.0', java.version: '1.8.0_181'
Driver info: org.openqa.selenium.chrome.ChromeDriver
Capabilities {acceptInsecureCerts: false, browserName: chrome, browserVersion: 84.0.4147.135, chrome: {chromedriverVersion: 84.0.4147.30 (48b3e868b4cc0..., userDataDir: C:\Users\Stefan\AppData\Loc...}, goog:chromeOptions: {debuggerAddress: localhost:55629}, javascriptEnabled: true, networkConnectionEnabled: false, pageLoadStrategy: normal, platform: WINDOWS, platformName: WINDOWS, proxy: Proxy(), setWindowRect: true, strictFileInteractability: false, timeouts: {implicit: 0, pageLoad: 300000, script: 30000}, unhandledPromptBehavior: dismiss and notify, webauthn:virtualAuthenticators: true}
Session ID: ab1aef4475edf91e0f5a44f74ee51e6a
*** Element info: {Using=id, value=location}
</error>
  </testcase>
  <testcase name="Scenario: User checking the forum and select hotel" classname="Scenario: User checking the forum and select hotel" time="0.012">
    <error message="invalid session id&#10;Build info: version: &apos;3.141.59&apos;, revision: &apos;e82be7d358&apos;, time: &apos;2018-11-14T08:17:03&apos;&#10;System info: host: &apos;DESKTOP-QS37V4D&apos;, ip: &apos;192.168.43.158&apos;, os.name: &apos;Windows 10&apos;, os.arch: &apos;amd64&apos;, os.version: &apos;10.0&apos;, java.version: &apos;1.8.0_181&apos;&#10;Driver info: org.openqa.selenium.chrome.ChromeDriver&#10;Capabilities {acceptInsecureCerts: false, browserName: chrome, browserVersion: 84.0.4147.135, chrome: {chromedriverVersion: 84.0.4147.30 (48b3e868b4cc0..., userDataDir: C:\Users\Stefan\AppData\Loc...}, goog:chromeOptions: {debuggerAddress: localhost:55629}, javascriptEnabled: true, networkConnectionEnabled: false, pageLoadStrategy: normal, platform: WINDOWS, platformName: WINDOWS, proxy: Proxy(), setWindowRect: true, strictFileInteractability: false, timeouts: {implicit: 0, pageLoad: 300000, script: 30000}, unhandledPromptBehavior: dismiss and notify, webauthn:virtualAuthenticators: true}&#10;Session ID: ab1aef4475edf91e0f5a44f74ee51e6a&#10;*** Element info: {Using=id, value=location}" type="org.openqa.selenium.NoSuchSessionException">org.openqa.selenium.NoSuchSessionException: 
invalid session id
Build info: version: '3.141.59', revision: 'e82be7d358', time: '2018-11-14T08:17:03'
System info: host: 'DESKTOP-QS37V4D', ip: '192.168.43.158', os.name: 'Windows 10', os.arch: 'amd64', os.version: '10.0', java.version: '1.8.0_181'
Driver info: org.openqa.selenium.chrome.ChromeDriver
Capabilities {acceptInsecureCerts: false, browserName: chrome, browserVersion: 84.0.4147.135, chrome: {chromedriverVersion: 84.0.4147.30 (48b3e868b4cc0..., userDataDir: C:\Users\Stefan\AppData\Loc...}, goog:chromeOptions: {debuggerAddress: localhost:55629}, javascriptEnabled: true, networkConnectionEnabled: false, pageLoadStrategy: normal, platform: WINDOWS, platformName: WINDOWS, proxy: Proxy(), setWindowRect: true, strictFileInteractability: false, timeouts: {implicit: 0, pageLoad: 300000, script: 30000}, unhandledPromptBehavior: dismiss and notify, webauthn:virtualAuthenticators: true}
Session ID: ab1aef4475edf91e0f5a44f74ee51e6a
*** Element info: {Using=id, value=location}
</error>
  </testcase>
  <testcase name="And User select the hotel &quot;Hotel Sunshine&quot;as &quot;value&quot;" classname="Scenario: User checking the forum and select hotel" time="0">
    <skipped/>
  </testcase>
  <testcase name="And User selecting the room type &quot;Double&quot; as &quot;value&quot;" classname="Scenario: User checking the forum and select hotel" time="0">
    <skipped/>
  </testcase>
  <testcase name="And User selecting number of rooms &quot;2&quot; as &quot;value&quot;" classname="Scenario: User checking the forum and select hotel" time="0">
    <skipped/>
  </testcase>
  <testcase name="And User selecting checkin date &quot;17/08/2020&quot;" classname="Scenario: User checking the forum and select hotel" time="0">
    <skipped/>
  </testcase>
  <testcase name="And User selecting checkout date &quot;18/08/2020&quot;" classname="Scenario: User checking the forum and select hotel" time="0">
    <skipped/>
  </testcase>
  <testcase name="And User selecting how many Adult per Room &quot;2&quot; as &quot;value&quot;" classname="Scenario: User checking the forum and select hotel" time="0">
    <skipped/>
  </testcase>
  <testcase name="And user selecting how many childrens per Room &quot;1&quot; as &quot;value&quot;" classname="Scenario: User checking the forum and select hotel" time="0">
    <skipped/>
  </testcase>
  <testcase name="And user Click the Search button" classname="Scenario: User checking the forum and select hotel" time="0">
    <skipped/>
  </testcase>
  <testcase name="Then User verify the search hotel page and navigate to next page" classname="Scenario: User checking the forum and select hotel" time="0">
    <skipped/>
  </testcase>
  <testcase name="Given User launch the adactin application" classname="Scenario: User Verify the selected hotel page" time="0"/>
  <testcase name="When user login to the application" classname="Scenario: User Verify the selected hotel page" time="0"/>
  <testcase name="When User select the Radio Button" classname="Scenario: User Verify the selected hotel page" time="0"/>
  <testcase name="And User click the submit Button" classname="Scenario: User Verify the selected hotel page" time="0"/>
  <testcase name="Then User navigate to next page" classname="Scenario: User Verify the selected hotel page" time="0"/>
  <testcase name="Scenario: User Verify the selected hotel page" classname="Scenario: User Verify the selected hotel page" time="0.001"/>
  <testcase name="Given User launch the adactin application" classname="Scenario: User enters details in Book a Hotel Page" time="0"/>
  <testcase name="When user login to the application" classname="Scenario: User enters details in Book a Hotel Page" time="0"/>
  <testcase name="When User enters the first name" classname="Scenario: User enters details in Book a Hotel Page" time="0.001"/>
  <testcase name="And User enter the last name" classname="Scenario: User enters details in Book a Hotel Page" time="0"/>
  <testcase name="And User enter the billing Address" classname="Scenario: User enters details in Book a Hotel Page" time="0"/>
  <testcase name="And User enter the credit card number" classname="Scenario: User enters details in Book a Hotel Page" time="0"/>
  <testcase name="And User selecting credit card type" classname="Scenario: User enters details in Book a Hotel Page" time="0">
    <error message="invalid session id&#10;Build info: version: &apos;3.141.59&apos;, revision: &apos;e82be7d358&apos;, time: &apos;2018-11-14T08:17:03&apos;&#10;System info: host: &apos;DESKTOP-QS37V4D&apos;, ip: &apos;192.168.43.158&apos;, os.name: &apos;Windows 10&apos;, os.arch: &apos;amd64&apos;, os.version: &apos;10.0&apos;, java.version: &apos;1.8.0_181&apos;&#10;Driver info: org.openqa.selenium.chrome.ChromeDriver&#10;Capabilities {acceptInsecureCerts: false, browserName: chrome, browserVersion: 84.0.4147.135, chrome: {chromedriverVersion: 84.0.4147.30 (48b3e868b4cc0..., userDataDir: C:\Users\Stefan\AppData\Loc...}, goog:chromeOptions: {debuggerAddress: localhost:55629}, javascriptEnabled: true, networkConnectionEnabled: false, pageLoadStrategy: normal, platform: WINDOWS, platformName: WINDOWS, proxy: Proxy(), setWindowRect: true, strictFileInteractability: false, timeouts: {implicit: 0, pageLoad: 300000, script: 30000}, unhandledPromptBehavior: dismiss and notify, webauthn:virtualAuthenticators: true}&#10;Session ID: ab1aef4475edf91e0f5a44f74ee51e6a&#10;*** Element info: {Using=id, value=cc_type}" type="org.openqa.selenium.NoSuchSessionException">org.openqa.selenium.NoSuchSessionException: 
invalid session id
Build info: version: '3.141.59', revision: 'e82be7d358', time: '2018-11-14T08:17:03'
System info: host: 'DESKTOP-QS37V4D', ip: '192.168.43.158', os.name: 'Windows 10', os.arch: 'amd64', os.version: '10.0', java.version: '1.8.0_181'
Driver info: org.openqa.selenium.chrome.ChromeDriver
Capabilities {acceptInsecureCerts: false, browserName: chrome, browserVersion: 84.0.4147.135, chrome: {chromedriverVersion: 84.0.4147.30 (48b3e868b4cc0..., userDataDir: C:\Users\Stefan\AppData\Loc...}, goog:chromeOptions: {debuggerAddress: localhost:55629}, javascriptEnabled: true, networkConnectionEnabled: false, pageLoadStrategy: normal, platform: WINDOWS, platformName: WINDOWS, proxy: Proxy(), setWindowRect: true, strictFileInteractability: false, timeouts: {implicit: 0, pageLoad: 300000, script: 30000}, unhandledPromptBehavior: dismiss and notify, webauthn:virtualAuthenticators: true}
Session ID: ab1aef4475edf91e0f5a44f74ee51e6a
*** Element info: {Using=id, value=cc_type}
</error>
  </testcase>
  <testcase name="Scenario: User enters details in Book a Hotel Page" classname="Scenario: User enters details in Book a Hotel Page" time="0.002">
    <error message="invalid session id&#10;Build info: version: &apos;3.141.59&apos;, revision: &apos;e82be7d358&apos;, time: &apos;2018-11-14T08:17:03&apos;&#10;System info: host: &apos;DESKTOP-QS37V4D&apos;, ip: &apos;192.168.43.158&apos;, os.name: &apos;Windows 10&apos;, os.arch: &apos;amd64&apos;, os.version: &apos;10.0&apos;, java.version: &apos;1.8.0_181&apos;&#10;Driver info: org.openqa.selenium.chrome.ChromeDriver&#10;Capabilities {acceptInsecureCerts: false, browserName: chrome, browserVersion: 84.0.4147.135, chrome: {chromedriverVersion: 84.0.4147.30 (48b3e868b4cc0..., userDataDir: C:\Users\Stefan\AppData\Loc...}, goog:chromeOptions: {debuggerAddress: localhost:55629}, javascriptEnabled: true, networkConnectionEnabled: false, pageLoadStrategy: normal, platform: WINDOWS, platformName: WINDOWS, proxy: Proxy(), setWindowRect: true, strictFileInteractability: false, timeouts: {implicit: 0, pageLoad: 300000, script: 30000}, unhandledPromptBehavior: dismiss and notify, webauthn:virtualAuthenticators: true}&#10;Session ID: ab1aef4475edf91e0f5a44f74ee51e6a&#10;*** Element info: {Using=id, value=cc_type}" type="org.openqa.selenium.NoSuchSessionException">org.openqa.selenium.NoSuchSessionException: 
invalid session id
Build info: version: '3.141.59', revision: 'e82be7d358', time: '2018-11-14T08:17:03'
System info: host: 'DESKTOP-QS37V4D', ip: '192.168.43.158', os.name: 'Windows 10', os.arch: 'amd64', os.version: '10.0', java.version: '1.8.0_181'
Driver info: org.openqa.selenium.chrome.ChromeDriver
Capabilities {acceptInsecureCerts: false, browserName: chrome, browserVersion: 84.0.4147.135, chrome: {chromedriverVersion: 84.0.4147.30 (48b3e868b4cc0..., userDataDir: C:\Users\Stefan\AppData\Loc...}, goog:chromeOptions: {debuggerAddress: localhost:55629}, javascriptEnabled: true, networkConnectionEnabled: false, pageLoadStrategy: normal, platform: WINDOWS, platformName: WINDOWS, proxy: Proxy(), setWindowRect: true, strictFileInteractability: false, timeouts: {implicit: 0, pageLoad: 300000, script: 30000}, unhandledPromptBehavior: dismiss and notify, webauthn:virtualAuthenticators: true}
Session ID: ab1aef4475edf91e0f5a44f74ee51e6a
*** Element info: {Using=id, value=cc_type}
</error>
  </testcase>
  <testcase name="And User selecting expiry date" classname="Scenario: User enters details in Book a Hotel Page" time="0">
    <skipped/>
  </testcase>
  <testcase name="And User enter CVV number" classname="Scenario: User enters details in Book a Hotel Page" time="0">
    <skipped/>
  </testcase>
  <testcase name="And User Click the Book now button" classname="Scenario: User enters details in Book a Hotel Page" time="0">
    <skipped/>
  </testcase>
  <testcase name="Then User navigate to the Booking configuration page" classname="Scenario: User enters details in Book a Hotel Page" time="0">
    <skipped/>
  </testcase>
  <testcase name="Given User launch the adactin application" classname="Scenario: User Verify Booking configuration Page" time="0"/>
  <testcase name="When user login to the application" classname="Scenario: User Verify Booking configuration Page" time="0"/>
  <testcase name="When User click the My Itineary Button" classname="Scenario: User Verify Booking configuration Page" time="0"/>
  <testcase name="And User checking Booked Itineary page and click the logout button" classname="Scenario: User Verify Booking configuration Page" time="0"/>
  <testcase name="Then User navigated to the logged out page." classname="Scenario: User Verify Booking configuration Page" time="0"/>
  <testcase name="Scenario: User Verify Booking configuration Page" classname="Scenario: User Verify Booking configuration Page" time="0.003"/>
</testsuite>